<h1>This is a test</h1>
<div id="error-list" class="row" data-bind="visible:errors().length">
    <!-- ko foreach : errors -->
    <div class="col-sm-8 col-sm-offset-2 alert alert-dismissable alert-danger">
        <button type="button" class="close" data-dismiss="alert" aria-hidden="true">&times;</button>
        <i class="fa fa-exclamation"></i>
        <span data-bind="text:Message"></span>
    </div>
    <div class="col-sm-2"></div>
    <!-- /ko-->
</div>
<div class="row">
    <div class="col-sm-8">
    <form class="form-horizontal" data-bind="with : entity" id="test-form-form">
                <div class="form-group">
                    <label for="noTextBox" class="col-lg-2 control-label">Course No</label>
                    <div class="col-lg-6">
                        <span class="error">(16,31): error CS1519: Invalid token '`' in class, struct, or interface member declaration<br/>(16,31): error CS1056: Unexpected character '`'<br/>(16,31): error CS1519: Invalid token '`' in class, struct, or interface member declaration<br/>(17,13): error CS1519: Invalid token '{' in class, struct, or interface member declaration<br/>(17,13): error CS1519: Invalid token '{' in class, struct, or interface member declaration<br/>(17,17): error CS1519: Invalid token ';' in class, struct, or interface member declaration<br/>(17,17): error CS1519: Invalid token ';' in class, struct, or interface member declaration<br/>(17,21): error CS1519: Invalid token ';' in class, struct, or interface member declaration<br/>(17,21): error CS1519: Invalid token ';' in class, struct, or interface member declaration<br/>(18,19): error CS0116: A namespace cannot directly contain members such as fields or methods<br/>(18,27): error CS1056: Unexpected character '`'<br/>(18,28): error CS1022: Type or namespace definition, or end-of-file expected<br/>(19,5): error CS0116: A namespace cannot directly contain members such as fields or methods<br/>(19,9): error CS1022: Type or namespace definition, or end-of-file expected<br/>(19,10): error CS0116: A namespace cannot directly contain members such as fields or methods<br/>(19,13): error CS1022: Type or namespace definition, or end-of-file expected<br/>(19,14): error CS0116: A namespace cannot directly contain members such as fields or methods<br/>(19,17): error CS1022: Type or namespace definition, or end-of-file expected<br/>(20,8): error CS0116: A namespace cannot directly contain members such as fields or methods<br/>(20,13): error CS1022: Type or namespace definition, or end-of-file expected<br/>(20,14): error CS0116: A namespace cannot directly contain members such as fields or methods<br/>(20,17): error CS1022: Type or namespace definition, or end-of-file expected<br/>(20,18): error CS0116: A namespace cannot directly contain members such as fields or methods<br/>(20,21): error CS1022: Type or namespace definition, or end-of-file expected<br/>(20,22): error CS1022: Type or namespace definition, or end-of-file expected<br/>(31,4): error CS1022: Type or namespace definition, or end-of-file expected<br/>(32,1): error CS1022: Type or namespace definition, or end-of-file expected<br/>(21,46): error CS0116: A namespace cannot directly contain members such as fields or methods<br/>(22,30): error CS0116: A namespace cannot directly contain members such as fields or methods<br/>(23,44): error CS0116: A namespace cannot directly contain members such as fields or methods<br/>(24,34): error CS0116: A namespace cannot directly contain members such as fields or methods<br/>(25,17): error CS0116: A namespace cannot directly contain members such as fields or methods<br/>(26,16): error CS0116: A namespace cannot directly contain members such as fields or methods<br/>(27,17): error CS0116: A namespace cannot directly contain members such as fields or methods<br/>(22,25): error CS0246: The type or namespace name 'Car' could not be found (are you missing a using directive or an assembly reference?)<br/>(24,25): error CS0246: The type or namespace name 'Vehicle' could not be found (are you missing a using directive or an assembly reference?)<br/>(28,8): error CS0246: The type or namespace name 'Contact' could not be found (are you missing a using directive or an assembly reference?)<br/>(21,41): error CS0246: The type or namespace name 'Car' could not be found (are you missing a using directive or an assembly reference?)<br/>(23,35): error CS0246: The type or namespace name 'Vehicle' could not be found (are you missing a using directive or an assembly reference?)<br/>(27,9): error CS0246: The type or namespace name 'Contact' could not be found (are you missing a using directive or an assembly reference?)<br/>(21,77): error CS0246: The type or namespace name 'Car' could not be found (are you missing a using directive or an assembly reference?)<br/>(23,82): error CS0246: The type or namespace name 'Vehicle' could not be found (are you missing a using directive or an assembly reference?)<br/>(27,33): error CS0246: The type or namespace name 'Contact' could not be found (are you missing a using directive or an assembly reference?)<br/>(22,51): error CS0103: The name 'm_Taxis' does not exist in the current context<br/>(24,62): error CS0103: The name 'm_PastVehicles' does not exist in the current context<br/>(26,39): error CS0103: The name 'm_Address' does not exist in the current context<br/>(26,58): error CS0103: The name 'm_Address' does not exist in the current context<br/>(28,39): error CS0103: The name 'm_Contact' does not exist in the current context<br/>(28,58): error CS0103: The name 'm_Contact' does not exist in the current context</span>
                    </div>
                </div>
                <div class="form-group">
                    <label for="nameTextBox" class="col-lg-2 control-label">Course Name</label>
                    <div class="col-lg-6">
                        <span class="error">(16,31): error CS1519: Invalid token '`' in class, struct, or interface member declaration<br/>(16,31): error CS1056: Unexpected character '`'<br/>(16,31): error CS1519: Invalid token '`' in class, struct, or interface member declaration<br/>(17,13): error CS1519: Invalid token '{' in class, struct, or interface member declaration<br/>(17,13): error CS1519: Invalid token '{' in class, struct, or interface member declaration<br/>(17,17): error CS1519: Invalid token ';' in class, struct, or interface member declaration<br/>(17,17): error CS1519: Invalid token ';' in class, struct, or interface member declaration<br/>(17,21): error CS1519: Invalid token ';' in class, struct, or interface member declaration<br/>(17,21): error CS1519: Invalid token ';' in class, struct, or interface member declaration<br/>(18,19): error CS0116: A namespace cannot directly contain members such as fields or methods<br/>(18,27): error CS1056: Unexpected character '`'<br/>(18,28): error CS1022: Type or namespace definition, or end-of-file expected<br/>(19,5): error CS0116: A namespace cannot directly contain members such as fields or methods<br/>(19,9): error CS1022: Type or namespace definition, or end-of-file expected<br/>(19,10): error CS0116: A namespace cannot directly contain members such as fields or methods<br/>(19,13): error CS1022: Type or namespace definition, or end-of-file expected<br/>(19,14): error CS0116: A namespace cannot directly contain members such as fields or methods<br/>(19,17): error CS1022: Type or namespace definition, or end-of-file expected<br/>(20,8): error CS0116: A namespace cannot directly contain members such as fields or methods<br/>(20,13): error CS1022: Type or namespace definition, or end-of-file expected<br/>(20,14): error CS0116: A namespace cannot directly contain members such as fields or methods<br/>(20,17): error CS1022: Type or namespace definition, or end-of-file expected<br/>(20,18): error CS0116: A namespace cannot directly contain members such as fields or methods<br/>(20,21): error CS1022: Type or namespace definition, or end-of-file expected<br/>(20,22): error CS1022: Type or namespace definition, or end-of-file expected<br/>(31,4): error CS1022: Type or namespace definition, or end-of-file expected<br/>(32,1): error CS1022: Type or namespace definition, or end-of-file expected<br/>(21,46): error CS0116: A namespace cannot directly contain members such as fields or methods<br/>(22,30): error CS0116: A namespace cannot directly contain members such as fields or methods<br/>(23,44): error CS0116: A namespace cannot directly contain members such as fields or methods<br/>(24,34): error CS0116: A namespace cannot directly contain members such as fields or methods<br/>(25,17): error CS0116: A namespace cannot directly contain members such as fields or methods<br/>(26,16): error CS0116: A namespace cannot directly contain members such as fields or methods<br/>(27,17): error CS0116: A namespace cannot directly contain members such as fields or methods<br/>(22,25): error CS0246: The type or namespace name 'Car' could not be found (are you missing a using directive or an assembly reference?)<br/>(24,25): error CS0246: The type or namespace name 'Vehicle' could not be found (are you missing a using directive or an assembly reference?)<br/>(28,8): error CS0246: The type or namespace name 'Contact' could not be found (are you missing a using directive or an assembly reference?)<br/>(21,41): error CS0246: The type or namespace name 'Car' could not be found (are you missing a using directive or an assembly reference?)<br/>(23,35): error CS0246: The type or namespace name 'Vehicle' could not be found (are you missing a using directive or an assembly reference?)<br/>(27,9): error CS0246: The type or namespace name 'Contact' could not be found (are you missing a using directive or an assembly reference?)<br/>(21,77): error CS0246: The type or namespace name 'Car' could not be found (are you missing a using directive or an assembly reference?)<br/>(23,82): error CS0246: The type or namespace name 'Vehicle' could not be found (are you missing a using directive or an assembly reference?)<br/>(27,33): error CS0246: The type or namespace name 'Contact' could not be found (are you missing a using directive or an assembly reference?)<br/>(22,51): error CS0103: The name 'm_Taxis' does not exist in the current context<br/>(24,62): error CS0103: The name 'm_PastVehicles' does not exist in the current context<br/>(26,39): error CS0103: The name 'm_Address' does not exist in the current context<br/>(26,58): error CS0103: The name 'm_Address' does not exist in the current context<br/>(28,39): error CS0103: The name 'm_Contact' does not exist in the current context<br/>(28,58): error CS0103: The name 'm_Contact' does not exist in the current context</span>
                    </div>
                </div>
    </form>
    </div>
    <div class="col-sm-4">
     

    </div>
</div>